<?xml version="1.0" encoding="UTF-8"?>
<testsuite xmlns:xsi="http://www.w3.org/2001/XMLSchema-instance" xsi:noNamespaceSchemaLocation="https://maven.apache.org/surefire/maven-surefire-plugin/xsd/surefire-test-report.xsd" name="com.example.AirportTest" time="0.038" tests="4" errors="0" skipped="0" failures="0">
  <properties>
[...]
</properties>
  <testcase name="testEconomyFlightRegularPassenger" classname="com.example.AirportTest$EconomyFlightTest" time="0.027"/>
  <testcase name="testEconomyFlightVipPassenger" classname="com.example.AirportTest$EconomyFlightTest" time="0.002"/>
  <testcase name="testBusinessFlightVipPassenger" classname="com.example.AirportTest$EconomyFlightTest$BusinessFlightTest" time="0"/>
  <testcase name="testBusinessFlightRegularPassenger" classname="com.example.AirportTest$EconomyFlightTest$BusinessFlightTest" time="0"/>
</testsuite>